<?xml version="1.0" encoding="UTF-8"?>
<!-- Generated by org.testng.reporters.JUnitReportReporter -->
<testsuite hostname="DESKTOP-R7ALOTS" name="FoxP1.PreTest" tests="1" failures="0" timestamp="24 Feb 2020 22:51:36 GMT" time="23.668" errors="0">
  <testcase name="Excution" time="23.668" classname="FoxP1.PreTest"/>
</testsuite> <!-- FoxP1.PreTest -->
